<?xml version="1.0" encoding="UTF-8"?>
<testsuite xmlns:xsi="http://www.w3.org/2001/XMLSchema-instance" xsi:noNamespaceSchemaLocation="https://maven.apache.org/surefire/maven-surefire-plugin/xsd/surefire-test-report-3.0.xsd" version="3.0" name="com.itheima.SoftwareEngineeringProject01ContactsApplicationTests" time="3.347" tests="1" errors="0" skipped="0" failures="0">
  <properties>
    <property name="sun.desktop" value="windows"/>
    <property name="awt.toolkit" value="sun.awt.windows.WToolkit"/>
    <property name="java.specification.version" value="11"/>
    <property name="sun.cpu.isalist" value="amd64"/>
    <property name="sun.jnu.encoding" value="GBK"/>
    <property name="java.class.path" value="E:\ideaProject\softwareEngineering_project01Contacts\target\test-classes;E:\ideaProject\softwareEngineering_project01Contacts\target\classes;E:\maven\apache-maven-3.9.9-bin\apache-maven-3.9.9\mvn_repo\org\springframework\boot\spring-boot-starter-web\2.6.13\spring-boot-starter-web-2.6.13.jar;E:\maven\apache-maven-3.9.9-bin\apache-maven-3.9.9\mvn_repo\org\springframework\boot\spring-boot-starter\2.6.13\spring-boot-starter-2.6.13.jar;E:\maven\apache-maven-3.9.9-bin\apache-maven-3.9.9\mvn_repo\org\springframework\boot\spring-boot\2.6.13\spring-boot-2.6.13.jar;E:\maven\apache-maven-3.9.9-bin\apache-maven-3.9.9\mvn_repo\org\springframework\boot\spring-boot-autoconfigure\2.6.13\spring-boot-autoconfigure-2.6.13.jar;E:\maven\apache-maven-3.9.9-bin\apache-maven-3.9.9\mvn_repo\org\springframework\boot\spring-boot-starter-logging\2.6.13\spring-boot-starter-logging-2.6.13.jar;E:\maven\apache-maven-3.9.9-bin\apache-maven-3.9.9\mvn_repo\ch\qos\logback\logback-classic\1.2.11\logback-classic-1.2.11.jar;E:\maven\apache-maven-3.9.9-bin\apache-maven-3.9.9\mvn_repo\ch\qos\logback\logback-core\1.2.11\logback-core-1.2.11.jar;E:\maven\apache-maven-3.9.9-bin\apache-maven-3.9.9\mvn_repo\org\apache\logging\log4j\log4j-to-slf4j\2.17.2\log4j-to-slf4j-2.17.2.jar;E:\maven\apache-maven-3.9.9-bin\apache-maven-3.9.9\mvn_repo\org\apache\logging\log4j\log4j-api\2.17.2\log4j-api-2.17.2.jar;E:\maven\apache-maven-3.9.9-bin\apache-maven-3.9.9\mvn_repo\org\slf4j\jul-to-slf4j\1.7.36\jul-to-slf4j-1.7.36.jar;E:\maven\apache-maven-3.9.9-bin\apache-maven-3.9.9\mvn_repo\jakarta\annotation\jakarta.annotation-api\1.3.5\jakarta.annotation-api-1.3.5.jar;E:\maven\apache-maven-3.9.9-bin\apache-maven-3.9.9\mvn_repo\org\yaml\snakeyaml\1.29\snakeyaml-1.29.jar;E:\maven\apache-maven-3.9.9-bin\apache-maven-3.9.9\mvn_repo\org\springframework\boot\spring-boot-starter-json\2.6.13\spring-boot-starter-json-2.6.13.jar;E:\maven\apache-maven-3.9.9-bin\apache-maven-3.9.9\mvn_repo\com\fasterxml\jackson\core\jackson-databind\2.13.4.2\jackson-databind-2.13.4.2.jar;E:\maven\apache-maven-3.9.9-bin\apache-maven-3.9.9\mvn_repo\com\fasterxml\jackson\core\jackson-annotations\2.13.4\jackson-annotations-2.13.4.jar;E:\maven\apache-maven-3.9.9-bin\apache-maven-3.9.9\mvn_repo\com\fasterxml\jackson\core\jackson-core\2.13.4\jackson-core-2.13.4.jar;E:\maven\apache-maven-3.9.9-bin\apache-maven-3.9.9\mvn_repo\com\fasterxml\jackson\datatype\jackson-datatype-jdk8\2.13.4\jackson-datatype-jdk8-2.13.4.jar;E:\maven\apache-maven-3.9.9-bin\apache-maven-3.9.9\mvn_repo\com\fasterxml\jackson\datatype\jackson-datatype-jsr310\2.13.4\jackson-datatype-jsr310-2.13.4.jar;E:\maven\apache-maven-3.9.9-bin\apache-maven-3.9.9\mvn_repo\com\fasterxml\jackson\module\jackson-module-parameter-names\2.13.4\jackson-module-parameter-names-2.13.4.jar;E:\maven\apache-maven-3.9.9-bin\apache-maven-3.9.9\mvn_repo\org\springframework\boot\spring-boot-starter-tomcat\2.6.13\spring-boot-starter-tomcat-2.6.13.jar;E:\maven\apache-maven-3.9.9-bin\apache-maven-3.9.9\mvn_repo\org\apache\tomcat\embed\tomcat-embed-core\9.0.68\tomcat-embed-core-9.0.68.jar;E:\maven\apache-maven-3.9.9-bin\apache-maven-3.9.9\mvn_repo\org\apache\tomcat\embed\tomcat-embed-el\9.0.68\tomcat-embed-el-9.0.68.jar;E:\maven\apache-maven-3.9.9-bin\apache-maven-3.9.9\mvn_repo\org\apache\tomcat\embed\tomcat-embed-websocket\9.0.68\tomcat-embed-websocket-9.0.68.jar;E:\maven\apache-maven-3.9.9-bin\apache-maven-3.9.9\mvn_repo\org\springframework\spring-web\5.3.23\spring-web-5.3.23.jar;E:\maven\apache-maven-3.9.9-bin\apache-maven-3.9.9\mvn_repo\org\springframework\spring-beans\5.3.23\spring-beans-5.3.23.jar;E:\maven\apache-maven-3.9.9-bin\apache-maven-3.9.9\mvn_repo\org\springframework\spring-webmvc\5.3.23\spring-webmvc-5.3.23.jar;E:\maven\apache-maven-3.9.9-bin\apache-maven-3.9.9\mvn_repo\org\springframework\spring-aop\5.3.23\spring-aop-5.3.23.jar;E:\maven\apache-maven-3.9.9-bin\apache-maven-3.9.9\mvn_repo\org\springframework\spring-context\5.3.23\spring-context-5.3.23.jar;E:\maven\apache-maven-3.9.9-bin\apache-maven-3.9.9\mvn_repo\org\springframework\spring-expression\5.3.23\spring-expression-5.3.23.jar;E:\maven\apache-maven-3.9.9-bin\apache-maven-3.9.9\mvn_repo\org\mybatis\spring\boot\mybatis-spring-boot-starter\2.2.2\mybatis-spring-boot-starter-2.2.2.jar;E:\maven\apache-maven-3.9.9-bin\apache-maven-3.9.9\mvn_repo\org\springframework\boot\spring-boot-starter-jdbc\2.6.13\spring-boot-starter-jdbc-2.6.13.jar;E:\maven\apache-maven-3.9.9-bin\apache-maven-3.9.9\mvn_repo\com\zaxxer\HikariCP\4.0.3\HikariCP-4.0.3.jar;E:\maven\apache-maven-3.9.9-bin\apache-maven-3.9.9\mvn_repo\org\springframework\spring-jdbc\5.3.23\spring-jdbc-5.3.23.jar;E:\maven\apache-maven-3.9.9-bin\apache-maven-3.9.9\mvn_repo\org\springframework\spring-tx\5.3.23\spring-tx-5.3.23.jar;E:\maven\apache-maven-3.9.9-bin\apache-maven-3.9.9\mvn_repo\org\mybatis\spring\boot\mybatis-spring-boot-autoconfigure\2.2.2\mybatis-spring-boot-autoconfigure-2.2.2.jar;E:\maven\apache-maven-3.9.9-bin\apache-maven-3.9.9\mvn_repo\org\mybatis\mybatis\3.5.9\mybatis-3.5.9.jar;E:\maven\apache-maven-3.9.9-bin\apache-maven-3.9.9\mvn_repo\org\mybatis\mybatis-spring\2.0.7\mybatis-spring-2.0.7.jar;E:\maven\apache-maven-3.9.9-bin\apache-maven-3.9.9\mvn_repo\com\mysql\mysql-connector-j\8.0.31\mysql-connector-j-8.0.31.jar;E:\maven\apache-maven-3.9.9-bin\apache-maven-3.9.9\mvn_repo\org\projectlombok\lombok\1.18.24\lombok-1.18.24.jar;E:\maven\apache-maven-3.9.9-bin\apache-maven-3.9.9\mvn_repo\org\springframework\boot\spring-boot-starter-test\2.6.13\spring-boot-starter-test-2.6.13.jar;E:\maven\apache-maven-3.9.9-bin\apache-maven-3.9.9\mvn_repo\org\springframework\boot\spring-boot-test\2.6.13\spring-boot-test-2.6.13.jar;E:\maven\apache-maven-3.9.9-bin\apache-maven-3.9.9\mvn_repo\org\springframework\boot\spring-boot-test-autoconfigure\2.6.13\spring-boot-test-autoconfigure-2.6.13.jar;E:\maven\apache-maven-3.9.9-bin\apache-maven-3.9.9\mvn_repo\com\jayway\jsonpath\json-path\2.6.0\json-path-2.6.0.jar;E:\maven\apache-maven-3.9.9-bin\apache-maven-3.9.9\mvn_repo\net\minidev\json-smart\2.4.8\json-smart-2.4.8.jar;E:\maven\apache-maven-3.9.9-bin\apache-maven-3.9.9\mvn_repo\net\minidev\accessors-smart\2.4.8\accessors-smart-2.4.8.jar;E:\maven\apache-maven-3.9.9-bin\apache-maven-3.9.9\mvn_repo\org\ow2\asm\asm\9.1\asm-9.1.jar;E:\maven\apache-maven-3.9.9-bin\apache-maven-3.9.9\mvn_repo\org\slf4j\slf4j-api\1.7.36\slf4j-api-1.7.36.jar;E:\maven\apache-maven-3.9.9-bin\apache-maven-3.9.9\mvn_repo\jakarta\xml\bind\jakarta.xml.bind-api\2.3.3\jakarta.xml.bind-api-2.3.3.jar;E:\maven\apache-maven-3.9.9-bin\apache-maven-3.9.9\mvn_repo\jakarta\activation\jakarta.activation-api\1.2.2\jakarta.activation-api-1.2.2.jar;E:\maven\apache-maven-3.9.9-bin\apache-maven-3.9.9\mvn_repo\org\assertj\assertj-core\3.21.0\assertj-core-3.21.0.jar;E:\maven\apache-maven-3.9.9-bin\apache-maven-3.9.9\mvn_repo\org\hamcrest\hamcrest\2.2\hamcrest-2.2.jar;E:\maven\apache-maven-3.9.9-bin\apache-maven-3.9.9\mvn_repo\org\junit\jupiter\junit-jupiter\5.8.2\junit-jupiter-5.8.2.jar;E:\maven\apache-maven-3.9.9-bin\apache-maven-3.9.9\mvn_repo\org\junit\jupiter\junit-jupiter-api\5.8.2\junit-jupiter-api-5.8.2.jar;E:\maven\apache-maven-3.9.9-bin\apache-maven-3.9.9\mvn_repo\org\opentest4j\opentest4j\1.2.0\opentest4j-1.2.0.jar;E:\maven\apache-maven-3.9.9-bin\apache-maven-3.9.9\mvn_repo\org\junit\platform\junit-platform-commons\1.8.2\junit-platform-commons-1.8.2.jar;E:\maven\apache-maven-3.9.9-bin\apache-maven-3.9.9\mvn_repo\org\apiguardian\apiguardian-api\1.1.2\apiguardian-api-1.1.2.jar;E:\maven\apache-maven-3.9.9-bin\apache-maven-3.9.9\mvn_repo\org\junit\jupiter\junit-jupiter-params\5.8.2\junit-jupiter-params-5.8.2.jar;E:\maven\apache-maven-3.9.9-bin\apache-maven-3.9.9\mvn_repo\org\junit\jupiter\junit-jupiter-engine\5.8.2\junit-jupiter-engine-5.8.2.jar;E:\maven\apache-maven-3.9.9-bin\apache-maven-3.9.9\mvn_repo\org\junit\platform\junit-platform-engine\1.8.2\junit-platform-engine-1.8.2.jar;E:\maven\apache-maven-3.9.9-bin\apache-maven-3.9.9\mvn_repo\org\mockito\mockito-core\4.0.0\mockito-core-4.0.0.jar;E:\maven\apache-maven-3.9.9-bin\apache-maven-3.9.9\mvn_repo\net\bytebuddy\byte-buddy\1.11.22\byte-buddy-1.11.22.jar;E:\maven\apache-maven-3.9.9-bin\apache-maven-3.9.9\mvn_repo\net\bytebuddy\byte-buddy-agent\1.11.22\byte-buddy-agent-1.11.22.jar;E:\maven\apache-maven-3.9.9-bin\apache-maven-3.9.9\mvn_repo\org\objenesis\objenesis\3.2\objenesis-3.2.jar;E:\maven\apache-maven-3.9.9-bin\apache-maven-3.9.9\mvn_repo\org\mockito\mockito-junit-jupiter\4.0.0\mockito-junit-jupiter-4.0.0.jar;E:\maven\apache-maven-3.9.9-bin\apache-maven-3.9.9\mvn_repo\org\skyscreamer\jsonassert\1.5.1\jsonassert-1.5.1.jar;E:\maven\apache-maven-3.9.9-bin\apache-maven-3.9.9\mvn_repo\com\vaadin\external\google\android-json\0.0.20131108.vaadin1\android-json-0.0.20131108.vaadin1.jar;E:\maven\apache-maven-3.9.9-bin\apache-maven-3.9.9\mvn_repo\org\springframework\spring-core\5.3.23\spring-core-5.3.23.jar;E:\maven\apache-maven-3.9.9-bin\apache-maven-3.9.9\mvn_repo\org\springframework\spring-jcl\5.3.23\spring-jcl-5.3.23.jar;E:\maven\apache-maven-3.9.9-bin\apache-maven-3.9.9\mvn_repo\org\springframework\spring-test\5.3.23\spring-test-5.3.23.jar;E:\maven\apache-maven-3.9.9-bin\apache-maven-3.9.9\mvn_repo\org\xmlunit\xmlunit-core\2.8.4\xmlunit-core-2.8.4.jar;"/>
    <property name="java.vm.vendor" value="Oracle Corporation"/>
    <property name="sun.arch.data.model" value="64"/>
    <property name="user.variant" value=""/>
    <property name="java.vendor.url" value="https://openjdk.java.net/"/>
    <property name="user.timezone" value="Asia/Shanghai"/>
    <property name="java.vm.specification.version" value="11"/>
    <property name="os.name" value="Windows 11"/>
    <property name="sun.java.launcher" value="SUN_STANDARD"/>
    <property name="user.country" value="CN"/>
    <property name="sun.boot.library.path" value="C:\Program Files\Java\jdk-11.0.15.1\bin"/>
    <property name="sun.java.command" value="C:\Users\34077\AppData\Local\Temp\surefire6233861079138152938\surefirebooter-20241026195306752_3.jar C:\Users\34077\AppData\Local\Temp\surefire6233861079138152938 2024-10-26T19-53-06_437-jvmRun1 surefire-20241026195306752_1tmp surefire_0-20241026195306752_2tmp"/>
    <property name="jdk.debug" value="release"/>
    <property name="surefire.test.class.path" value="E:\ideaProject\softwareEngineering_project01Contacts\target\test-classes;E:\ideaProject\softwareEngineering_project01Contacts\target\classes;E:\maven\apache-maven-3.9.9-bin\apache-maven-3.9.9\mvn_repo\org\springframework\boot\spring-boot-starter-web\2.6.13\spring-boot-starter-web-2.6.13.jar;E:\maven\apache-maven-3.9.9-bin\apache-maven-3.9.9\mvn_repo\org\springframework\boot\spring-boot-starter\2.6.13\spring-boot-starter-2.6.13.jar;E:\maven\apache-maven-3.9.9-bin\apache-maven-3.9.9\mvn_repo\org\springframework\boot\spring-boot\2.6.13\spring-boot-2.6.13.jar;E:\maven\apache-maven-3.9.9-bin\apache-maven-3.9.9\mvn_repo\org\springframework\boot\spring-boot-autoconfigure\2.6.13\spring-boot-autoconfigure-2.6.13.jar;E:\maven\apache-maven-3.9.9-bin\apache-maven-3.9.9\mvn_repo\org\springframework\boot\spring-boot-starter-logging\2.6.13\spring-boot-starter-logging-2.6.13.jar;E:\maven\apache-maven-3.9.9-bin\apache-maven-3.9.9\mvn_repo\ch\qos\logback\logback-classic\1.2.11\logback-classic-1.2.11.jar;E:\maven\apache-maven-3.9.9-bin\apache-maven-3.9.9\mvn_repo\ch\qos\logback\logback-core\1.2.11\logback-core-1.2.11.jar;E:\maven\apache-maven-3.9.9-bin\apache-maven-3.9.9\mvn_repo\org\apache\logging\log4j\log4j-to-slf4j\2.17.2\log4j-to-slf4j-2.17.2.jar;E:\maven\apache-maven-3.9.9-bin\apache-maven-3.9.9\mvn_repo\org\apache\logging\log4j\log4j-api\2.17.2\log4j-api-2.17.2.jar;E:\maven\apache-maven-3.9.9-bin\apache-maven-3.9.9\mvn_repo\org\slf4j\jul-to-slf4j\1.7.36\jul-to-slf4j-1.7.36.jar;E:\maven\apache-maven-3.9.9-bin\apache-maven-3.9.9\mvn_repo\jakarta\annotation\jakarta.annotation-api\1.3.5\jakarta.annotation-api-1.3.5.jar;E:\maven\apache-maven-3.9.9-bin\apache-maven-3.9.9\mvn_repo\org\yaml\snakeyaml\1.29\snakeyaml-1.29.jar;E:\maven\apache-maven-3.9.9-bin\apache-maven-3.9.9\mvn_repo\org\springframework\boot\spring-boot-starter-json\2.6.13\spring-boot-starter-json-2.6.13.jar;E:\maven\apache-maven-3.9.9-bin\apache-maven-3.9.9\mvn_repo\com\fasterxml\jackson\core\jackson-databind\2.13.4.2\jackson-databind-2.13.4.2.jar;E:\maven\apache-maven-3.9.9-bin\apache-maven-3.9.9\mvn_repo\com\fasterxml\jackson\core\jackson-annotations\2.13.4\jackson-annotations-2.13.4.jar;E:\maven\apache-maven-3.9.9-bin\apache-maven-3.9.9\mvn_repo\com\fasterxml\jackson\core\jackson-core\2.13.4\jackson-core-2.13.4.jar;E:\maven\apache-maven-3.9.9-bin\apache-maven-3.9.9\mvn_repo\com\fasterxml\jackson\datatype\jackson-datatype-jdk8\2.13.4\jackson-datatype-jdk8-2.13.4.jar;E:\maven\apache-maven-3.9.9-bin\apache-maven-3.9.9\mvn_repo\com\fasterxml\jackson\datatype\jackson-datatype-jsr310\2.13.4\jackson-datatype-jsr310-2.13.4.jar;E:\maven\apache-maven-3.9.9-bin\apache-maven-3.9.9\mvn_repo\com\fasterxml\jackson\module\jackson-module-parameter-names\2.13.4\jackson-module-parameter-names-2.13.4.jar;E:\maven\apache-maven-3.9.9-bin\apache-maven-3.9.9\mvn_repo\org\springframework\boot\spring-boot-starter-tomcat\2.6.13\spring-boot-starter-tomcat-2.6.13.jar;E:\maven\apache-maven-3.9.9-bin\apache-maven-3.9.9\mvn_repo\org\apache\tomcat\embed\tomcat-embed-core\9.0.68\tomcat-embed-core-9.0.68.jar;E:\maven\apache-maven-3.9.9-bin\apache-maven-3.9.9\mvn_repo\org\apache\tomcat\embed\tomcat-embed-el\9.0.68\tomcat-embed-el-9.0.68.jar;E:\maven\apache-maven-3.9.9-bin\apache-maven-3.9.9\mvn_repo\org\apache\tomcat\embed\tomcat-embed-websocket\9.0.68\tomcat-embed-websocket-9.0.68.jar;E:\maven\apache-maven-3.9.9-bin\apache-maven-3.9.9\mvn_repo\org\springframework\spring-web\5.3.23\spring-web-5.3.23.jar;E:\maven\apache-maven-3.9.9-bin\apache-maven-3.9.9\mvn_repo\org\springframework\spring-beans\5.3.23\spring-beans-5.3.23.jar;E:\maven\apache-maven-3.9.9-bin\apache-maven-3.9.9\mvn_repo\org\springframework\spring-webmvc\5.3.23\spring-webmvc-5.3.23.jar;E:\maven\apache-maven-3.9.9-bin\apache-maven-3.9.9\mvn_repo\org\springframework\spring-aop\5.3.23\spring-aop-5.3.23.jar;E:\maven\apache-maven-3.9.9-bin\apache-maven-3.9.9\mvn_repo\org\springframework\spring-context\5.3.23\spring-context-5.3.23.jar;E:\maven\apache-maven-3.9.9-bin\apache-maven-3.9.9\mvn_repo\org\springframework\spring-expression\5.3.23\spring-expression-5.3.23.jar;E:\maven\apache-maven-3.9.9-bin\apache-maven-3.9.9\mvn_repo\org\mybatis\spring\boot\mybatis-spring-boot-starter\2.2.2\mybatis-spring-boot-starter-2.2.2.jar;E:\maven\apache-maven-3.9.9-bin\apache-maven-3.9.9\mvn_repo\org\springframework\boot\spring-boot-starter-jdbc\2.6.13\spring-boot-starter-jdbc-2.6.13.jar;E:\maven\apache-maven-3.9.9-bin\apache-maven-3.9.9\mvn_repo\com\zaxxer\HikariCP\4.0.3\HikariCP-4.0.3.jar;E:\maven\apache-maven-3.9.9-bin\apache-maven-3.9.9\mvn_repo\org\springframework\spring-jdbc\5.3.23\spring-jdbc-5.3.23.jar;E:\maven\apache-maven-3.9.9-bin\apache-maven-3.9.9\mvn_repo\org\springframework\spring-tx\5.3.23\spring-tx-5.3.23.jar;E:\maven\apache-maven-3.9.9-bin\apache-maven-3.9.9\mvn_repo\org\mybatis\spring\boot\mybatis-spring-boot-autoconfigure\2.2.2\mybatis-spring-boot-autoconfigure-2.2.2.jar;E:\maven\apache-maven-3.9.9-bin\apache-maven-3.9.9\mvn_repo\org\mybatis\mybatis\3.5.9\mybatis-3.5.9.jar;E:\maven\apache-maven-3.9.9-bin\apache-maven-3.9.9\mvn_repo\org\mybatis\mybatis-spring\2.0.7\mybatis-spring-2.0.7.jar;E:\maven\apache-maven-3.9.9-bin\apache-maven-3.9.9\mvn_repo\com\mysql\mysql-connector-j\8.0.31\mysql-connector-j-8.0.31.jar;E:\maven\apache-maven-3.9.9-bin\apache-maven-3.9.9\mvn_repo\org\projectlombok\lombok\1.18.24\lombok-1.18.24.jar;E:\maven\apache-maven-3.9.9-bin\apache-maven-3.9.9\mvn_repo\org\springframework\boot\spring-boot-starter-test\2.6.13\spring-boot-starter-test-2.6.13.jar;E:\maven\apache-maven-3.9.9-bin\apache-maven-3.9.9\mvn_repo\org\springframework\boot\spring-boot-test\2.6.13\spring-boot-test-2.6.13.jar;E:\maven\apache-maven-3.9.9-bin\apache-maven-3.9.9\mvn_repo\org\springframework\boot\spring-boot-test-autoconfigure\2.6.13\spring-boot-test-autoconfigure-2.6.13.jar;E:\maven\apache-maven-3.9.9-bin\apache-maven-3.9.9\mvn_repo\com\jayway\jsonpath\json-path\2.6.0\json-path-2.6.0.jar;E:\maven\apache-maven-3.9.9-bin\apache-maven-3.9.9\mvn_repo\net\minidev\json-smart\2.4.8\json-smart-2.4.8.jar;E:\maven\apache-maven-3.9.9-bin\apache-maven-3.9.9\mvn_repo\net\minidev\accessors-smart\2.4.8\accessors-smart-2.4.8.jar;E:\maven\apache-maven-3.9.9-bin\apache-maven-3.9.9\mvn_repo\org\ow2\asm\asm\9.1\asm-9.1.jar;E:\maven\apache-maven-3.9.9-bin\apache-maven-3.9.9\mvn_repo\org\slf4j\slf4j-api\1.7.36\slf4j-api-1.7.36.jar;E:\maven\apache-maven-3.9.9-bin\apache-maven-3.9.9\mvn_repo\jakarta\xml\bind\jakarta.xml.bind-api\2.3.3\jakarta.xml.bind-api-2.3.3.jar;E:\maven\apache-maven-3.9.9-bin\apache-maven-3.9.9\mvn_repo\jakarta\activation\jakarta.activation-api\1.2.2\jakarta.activation-api-1.2.2.jar;E:\maven\apache-maven-3.9.9-bin\apache-maven-3.9.9\mvn_repo\org\assertj\assertj-core\3.21.0\assertj-core-3.21.0.jar;E:\maven\apache-maven-3.9.9-bin\apache-maven-3.9.9\mvn_repo\org\hamcrest\hamcrest\2.2\hamcrest-2.2.jar;E:\maven\apache-maven-3.9.9-bin\apache-maven-3.9.9\mvn_repo\org\junit\jupiter\junit-jupiter\5.8.2\junit-jupiter-5.8.2.jar;E:\maven\apache-maven-3.9.9-bin\apache-maven-3.9.9\mvn_repo\org\junit\jupiter\junit-jupiter-api\5.8.2\junit-jupiter-api-5.8.2.jar;E:\maven\apache-maven-3.9.9-bin\apache-maven-3.9.9\mvn_repo\org\opentest4j\opentest4j\1.2.0\opentest4j-1.2.0.jar;E:\maven\apache-maven-3.9.9-bin\apache-maven-3.9.9\mvn_repo\org\junit\platform\junit-platform-commons\1.8.2\junit-platform-commons-1.8.2.jar;E:\maven\apache-maven-3.9.9-bin\apache-maven-3.9.9\mvn_repo\org\apiguardian\apiguardian-api\1.1.2\apiguardian-api-1.1.2.jar;E:\maven\apache-maven-3.9.9-bin\apache-maven-3.9.9\mvn_repo\org\junit\jupiter\junit-jupiter-params\5.8.2\junit-jupiter-params-5.8.2.jar;E:\maven\apache-maven-3.9.9-bin\apache-maven-3.9.9\mvn_repo\org\junit\jupiter\junit-jupiter-engine\5.8.2\junit-jupiter-engine-5.8.2.jar;E:\maven\apache-maven-3.9.9-bin\apache-maven-3.9.9\mvn_repo\org\junit\platform\junit-platform-engine\1.8.2\junit-platform-engine-1.8.2.jar;E:\maven\apache-maven-3.9.9-bin\apache-maven-3.9.9\mvn_repo\org\mockito\mockito-core\4.0.0\mockito-core-4.0.0.jar;E:\maven\apache-maven-3.9.9-bin\apache-maven-3.9.9\mvn_repo\net\bytebuddy\byte-buddy\1.11.22\byte-buddy-1.11.22.jar;E:\maven\apache-maven-3.9.9-bin\apache-maven-3.9.9\mvn_repo\net\bytebuddy\byte-buddy-agent\1.11.22\byte-buddy-agent-1.11.22.jar;E:\maven\apache-maven-3.9.9-bin\apache-maven-3.9.9\mvn_repo\org\objenesis\objenesis\3.2\objenesis-3.2.jar;E:\maven\apache-maven-3.9.9-bin\apache-maven-3.9.9\mvn_repo\org\mockito\mockito-junit-jupiter\4.0.0\mockito-junit-jupiter-4.0.0.jar;E:\maven\apache-maven-3.9.9-bin\apache-maven-3.9.9\mvn_repo\org\skyscreamer\jsonassert\1.5.1\jsonassert-1.5.1.jar;E:\maven\apache-maven-3.9.9-bin\apache-maven-3.9.9\mvn_repo\com\vaadin\external\google\android-json\0.0.20131108.vaadin1\android-json-0.0.20131108.vaadin1.jar;E:\maven\apache-maven-3.9.9-bin\apache-maven-3.9.9\mvn_repo\org\springframework\spring-core\5.3.23\spring-core-5.3.23.jar;E:\maven\apache-maven-3.9.9-bin\apache-maven-3.9.9\mvn_repo\org\springframework\spring-jcl\5.3.23\spring-jcl-5.3.23.jar;E:\maven\apache-maven-3.9.9-bin\apache-maven-3.9.9\mvn_repo\org\springframework\spring-test\5.3.23\spring-test-5.3.23.jar;E:\maven\apache-maven-3.9.9-bin\apache-maven-3.9.9\mvn_repo\org\xmlunit\xmlunit-core\2.8.4\xmlunit-core-2.8.4.jar;"/>
    <property name="sun.cpu.endian" value="little"/>
    <property name="user.home" value="C:\Users\34077"/>
    <property name="user.language" value="zh"/>
    <property name="java.specification.vendor" value="Oracle Corporation"/>
    <property name="java.version.date" value="2022-04-22"/>
    <property name="java.home" value="C:\Program Files\Java\jdk-11.0.15.1"/>
    <property name="file.separator" value="\"/>
    <property name="basedir" value="E:\ideaProject\softwareEngineering_project01Contacts"/>
    <property name="java.vm.compressedOopsMode" value="Zero based"/>
    <property name="line.separator" value="&#10;"/>
    <property name="java.specification.name" value="Java Platform API Specification"/>
    <property name="java.vm.specification.vendor" value="Oracle Corporation"/>
    <property name="FILE_LOG_CHARSET" value="GBK"/>
    <property name="java.awt.graphicsenv" value="sun.awt.Win32GraphicsEnvironment"/>
    <property name="java.awt.headless" value="true"/>
    <property name="surefire.real.class.path" value="C:\Users\34077\AppData\Local\Temp\surefire6233861079138152938\surefirebooter-20241026195306752_3.jar"/>
    <property name="user.script" value=""/>
    <property name="sun.management.compiler" value="HotSpot 64-Bit Tiered Compilers"/>
    <property name="java.runtime.version" value="11.0.15.1+2-LTS-10"/>
    <property name="user.name" value="波比"/>
    <property name="path.separator" value=";"/>
    <property name="os.version" value="10.0"/>
    <property name="java.runtime.name" value="Java(TM) SE Runtime Environment"/>
    <property name="file.encoding" value="GBK"/>
    <property name="spring.beaninfo.ignore" value="true"/>
    <property name="java.vm.name" value="Java HotSpot(TM) 64-Bit Server VM"/>
    <property name="java.vendor.version" value="18.9"/>
    <property name="localRepository" value="E:\maven\apache-maven-3.9.9-bin\apache-maven-3.9.9\mvn_repo"/>
    <property name="java.vendor.url.bug" value="https://bugreport.java.com/bugreport/"/>
    <property name="java.io.tmpdir" value="C:\Users\34077\AppData\Local\Temp\"/>
    <property name="idea.version" value="2024.2.3"/>
    <property name="java.version" value="11.0.15.1"/>
    <property name="user.dir" value="E:\ideaProject\softwareEngineering_project01Contacts"/>
    <property name="os.arch" value="amd64"/>
    <property name="java.vm.specification.name" value="Java Virtual Machine Specification"/>
    <property name="PID" value="22308"/>
    <property name="java.awt.printerjob" value="sun.awt.windows.WPrinterJob"/>
    <property name="sun.os.patch.level" value=""/>
    <property name="CONSOLE_LOG_CHARSET" value="GBK"/>
    <property name="java.library.path" value="C:\Program Files\Java\jdk-11.0.15.1\bin;C:\WINDOWS\Sun\Java\bin;C:\WINDOWS\system32;C:\WINDOWS;C:\Program Files\Common Files\Oracle\Java\javapath;C:\WINDOWS\system32;C:\WINDOWS;C:\WINDOWS\System32\Wbem;C:\WINDOWS\System32\WindowsPowerShell\v1.0\;C:\WINDOWS\System32\OpenSSH\;C:\Program Files\Java\jdk-11.0.15.1\bin;C:\Program Files\Java\jdk-11.0.15.1;D:\MATLAB\runtime\win64;D:\MATLAB\bin;C:\Program Files\dotnet\;E:\bin;E:\Mplab_Compiler\bin;E:\GITHUB\Git\cmd;E:\NODE.JS\;E:\maven\apache-maven-3.9.9-bin\apache-maven-3.9.9\bin;E:\mysql\mysql-9.1.0-winx64\bin;E:\Scripts\;E:\;C:\Users\34077\AppData\Local\Programs\Python\Launcher\;C:\Users\34077\AppData\Local\Microsoft\WindowsApps;;C:\Users\34077\Infineon\LauncherService;E:\Microsoft VS Code\bin;C:\Users\34077\AppData\Roaming\npm;."/>
    <property name="java.vendor" value="Oracle Corporation"/>
    <property name="java.vm.info" value="mixed mode"/>
    <property name="java.vm.version" value="11.0.15.1+2-LTS-10"/>
    <property name="sun.io.unicode.encoding" value="UnicodeLittle"/>
    <property name="java.class.version" value="55.0"/>
  </properties>
  <testcase name="testInsert" classname="com.itheima.SoftwareEngineeringProject01ContactsApplicationTests" time="0.365">
    <system-out><![CDATA[19:53:07.587 [main] DEBUG org.springframework.test.context.BootstrapUtils - Instantiating CacheAwareContextLoaderDelegate from class [org.springframework.test.context.cache.DefaultCacheAwareContextLoaderDelegate]
19:53:07.596 [main] DEBUG org.springframework.test.context.BootstrapUtils - Instantiating BootstrapContext using constructor [public org.springframework.test.context.support.DefaultBootstrapContext(java.lang.Class,org.springframework.test.context.CacheAwareContextLoaderDelegate)]
19:53:07.632 [main] DEBUG org.springframework.test.context.BootstrapUtils - Instantiating TestContextBootstrapper for test class [com.itheima.SoftwareEngineeringProject01ContactsApplicationTests] from class [org.springframework.boot.test.context.SpringBootTestContextBootstrapper]
19:53:07.644 [main] INFO org.springframework.boot.test.context.SpringBootTestContextBootstrapper - Neither @ContextConfiguration nor @ContextHierarchy found for test class [com.itheima.SoftwareEngineeringProject01ContactsApplicationTests], using SpringBootContextLoader
19:53:07.649 [main] DEBUG org.springframework.test.context.support.AbstractContextLoader - Did not detect default resource location for test class [com.itheima.SoftwareEngineeringProject01ContactsApplicationTests]: class path resource [com/itheima/SoftwareEngineeringProject01ContactsApplicationTests-context.xml] does not exist
19:53:07.651 [main] DEBUG org.springframework.test.context.support.AbstractContextLoader - Did not detect default resource location for test class [com.itheima.SoftwareEngineeringProject01ContactsApplicationTests]: class path resource [com/itheima/SoftwareEngineeringProject01ContactsApplicationTestsContext.groovy] does not exist
19:53:07.651 [main] INFO org.springframework.test.context.support.AbstractContextLoader - Could not detect default resource locations for test class [com.itheima.SoftwareEngineeringProject01ContactsApplicationTests]: no resource found for suffixes {-context.xml, Context.groovy}.
19:53:07.654 [main] INFO org.springframework.test.context.support.AnnotationConfigContextLoaderUtils - Could not detect default configuration classes for test class [com.itheima.SoftwareEngineeringProject01ContactsApplicationTests]: SoftwareEngineeringProject01ContactsApplicationTests does not declare any static, non-private, non-final, nested classes annotated with @Configuration.
19:53:07.700 [main] DEBUG org.springframework.test.context.support.ActiveProfilesUtils - Could not find an 'annotation declaring class' for annotation type [org.springframework.test.context.ActiveProfiles] and class [com.itheima.SoftwareEngineeringProject01ContactsApplicationTests]
19:53:07.794 [main] DEBUG org.springframework.context.annotation.ClassPathScanningCandidateComponentProvider - Identified candidate component class: file [E:\ideaProject\softwareEngineering_project01Contacts\target\classes\com\itheima\SoftwareEngineeringProject01ContactsApplication.class]
19:53:07.795 [main] INFO org.springframework.boot.test.context.SpringBootTestContextBootstrapper - Found @SpringBootConfiguration com.itheima.SoftwareEngineeringProject01ContactsApplication for test class com.itheima.SoftwareEngineeringProject01ContactsApplicationTests
19:53:07.878 [main] DEBUG org.springframework.boot.test.context.SpringBootTestContextBootstrapper - @TestExecutionListeners is not present for class [com.itheima.SoftwareEngineeringProject01ContactsApplicationTests]: using defaults.
19:53:07.878 [main] INFO org.springframework.boot.test.context.SpringBootTestContextBootstrapper - Loaded default TestExecutionListener class names from location [META-INF/spring.factories]: [org.springframework.boot.test.mock.mockito.MockitoTestExecutionListener, org.springframework.boot.test.mock.mockito.ResetMocksTestExecutionListener, org.springframework.boot.test.autoconfigure.restdocs.RestDocsTestExecutionListener, org.springframework.boot.test.autoconfigure.web.client.MockRestServiceServerResetTestExecutionListener, org.springframework.boot.test.autoconfigure.web.servlet.MockMvcPrintOnlyOnFailureTestExecutionListener, org.springframework.boot.test.autoconfigure.web.servlet.WebDriverTestExecutionListener, org.springframework.boot.test.autoconfigure.webservices.client.MockWebServiceServerTestExecutionListener, org.springframework.test.context.web.ServletTestExecutionListener, org.springframework.test.context.support.DirtiesContextBeforeModesTestExecutionListener, org.springframework.test.context.event.ApplicationEventsTestExecutionListener, org.springframework.test.context.support.DependencyInjectionTestExecutionListener, org.springframework.test.context.support.DirtiesContextTestExecutionListener, org.springframework.test.context.transaction.TransactionalTestExecutionListener, org.springframework.test.context.jdbc.SqlScriptsTestExecutionListener, org.springframework.test.context.event.EventPublishingTestExecutionListener]
19:53:07.893 [main] INFO org.springframework.boot.test.context.SpringBootTestContextBootstrapper - Using TestExecutionListeners: [org.springframework.test.context.web.ServletTestExecutionListener@5af3a0f, org.springframework.test.context.support.DirtiesContextBeforeModesTestExecutionListener@19ae6bb, org.springframework.test.context.event.ApplicationEventsTestExecutionListener@10993713, org.springframework.boot.test.mock.mockito.MockitoTestExecutionListener@58359ebd, org.springframework.boot.test.autoconfigure.SpringBootDependencyInjectionTestExecutionListener@24b6b8f6, org.springframework.test.context.support.DirtiesContextTestExecutionListener@72cf2de5, org.springframework.test.context.transaction.TransactionalTestExecutionListener@2bb7bd00, org.springframework.test.context.jdbc.SqlScriptsTestExecutionListener@5f031ebd, org.springframework.test.context.event.EventPublishingTestExecutionListener@4ee37ca3, org.springframework.boot.test.mock.mockito.ResetMocksTestExecutionListener@45c8d09f, org.springframework.boot.test.autoconfigure.restdocs.RestDocsTestExecutionListener@53812a9b, org.springframework.boot.test.autoconfigure.web.client.MockRestServiceServerResetTestExecutionListener@14b030a0, org.springframework.boot.test.autoconfigure.web.servlet.MockMvcPrintOnlyOnFailureTestExecutionListener@41e350f1, org.springframework.boot.test.autoconfigure.web.servlet.WebDriverTestExecutionListener@422c3c7a, org.springframework.boot.test.autoconfigure.webservices.client.MockWebServiceServerTestExecutionListener@18230356]
19:53:07.896 [main] DEBUG org.springframework.test.context.support.AbstractDirtiesContextTestExecutionListener - Before test class: context [DefaultTestContext@27305e6 testClass = SoftwareEngineeringProject01ContactsApplicationTests, testInstance = [null], testMethod = [null], testException = [null], mergedContextConfiguration = [WebMergedContextConfiguration@1ef3efa8 testClass = SoftwareEngineeringProject01ContactsApplicationTests, locations = '{}', classes = '{class com.itheima.SoftwareEngineeringProject01ContactsApplication}', contextInitializerClasses = '[]', activeProfiles = '{}', propertySourceLocations = '{}', propertySourceProperties = '{org.springframework.boot.test.context.SpringBootTestContextBootstrapper=true}', contextCustomizers = set[org.springframework.boot.test.context.filter.ExcludeFilterContextCustomizer@147a5d08, org.springframework.boot.test.json.DuplicateJsonObjectContextCustomizerFactory$DuplicateJsonObjectContextCustomizer@1672fe87, org.springframework.boot.test.mock.mockito.MockitoContextCustomizer@0, org.springframework.boot.test.web.client.TestRestTemplateContextCustomizer@21129f1f, org.springframework.boot.test.autoconfigure.actuate.metrics.MetricsExportContextCustomizerFactory$DisableMetricExportContextCustomizer@409c54f, org.springframework.boot.test.autoconfigure.properties.PropertyMappingContextCustomizer@0, org.springframework.boot.test.autoconfigure.web.servlet.WebDriverContextCustomizerFactory$Customizer@59e32960, org.springframework.boot.test.context.SpringBootTestArgs@1, org.springframework.boot.test.context.SpringBootTestWebEnvironment@689604d9], resourceBasePath = 'src/main/webapp', contextLoader = 'org.springframework.boot.test.context.SpringBootContextLoader', parent = [null]], attributes = map['org.springframework.test.context.web.ServletTestExecutionListener.activateListener' -> true]], class annotated with @DirtiesContext [false] with mode [null].

  .   ____          _            __ _ _
 /\\ / ___'_ __ _ _(_)_ __  __ _ \ \ \ \
( ( )\___ | '_ | '_| | '_ \/ _` | \ \ \ \
 \\/  ___)| |_)| | | | | || (_| |  ) ) ) )
  '  |____| .__|_| |_|_| |_\__, | / / / /
 =========|_|==============|___/=/_/_/_/
 :: Spring Boot ::               (v2.6.13)

2024-10-26 19:53:08.261  INFO 22308 --- [           main] neeringProject01ContactsApplicationTests : Starting SoftwareEngineeringProject01ContactsApplicationTests using Java 11.0.15.1 on 动感光波 with PID 22308 (started by 波比 in E:\ideaProject\softwareEngineering_project01Contacts)
2024-10-26 19:53:08.264  INFO 22308 --- [           main] neeringProject01ContactsApplicationTests : No active profile set, falling back to 1 default profile: "default"
Logging initialized using 'class org.apache.ibatis.logging.stdout.StdOutImpl' adapter.
Property 'mapperLocations' was not specified.
2024-10-26 19:53:10.467  INFO 22308 --- [           main] neeringProject01ContactsApplicationTests : Started SoftwareEngineeringProject01ContactsApplicationTests in 2.538 seconds (JVM running for 3.593)
]]></system-out>
  </testcase>
</testsuite>